0 info it worked if it ends with ok
1 verbose cli [ '/usr/local/Cellar/node/7.2.1/bin/node',
1 verbose cli   '/usr/local/bin/npm',
1 verbose cli   'publish' ]
2 info using npm@4.1.2
3 info using node@v7.6.0
4 verbose publish [ '.' ]
5 silly cache add args [ '.', null ]
6 verbose cache add spec .
7 silly cache add parsed spec Result {
7 silly cache add   raw: '.',
7 silly cache add   scope: null,
7 silly cache add   escapedName: null,
7 silly cache add   name: null,
7 silly cache add   rawSpec: '.',
7 silly cache add   spec: '/Users/Gennaro/Public/Repositories/AloePups',
7 silly cache add   type: 'directory' }
8 verbose addLocalDirectory /Users/Gennaro/.npm/aloepups/1.0.0/package.tgz not in flight; packing
9 verbose correctMkdir /Users/Gennaro/.npm correctMkdir not in flight; initializing
10 info lifecycle aloepups@1.0.0~prepublish: aloepups@1.0.0
11 silly lifecycle aloepups@1.0.0~prepublish: no script for prepublish, continuing
12 info lifecycle aloepups@1.0.0~prepare: aloepups@1.0.0
13 silly lifecycle aloepups@1.0.0~prepare: no script for prepare, continuing
14 verbose tar pack [ '/Users/Gennaro/.npm/aloepups/1.0.0/package.tgz',
14 verbose tar pack   '/Users/Gennaro/Public/Repositories/AloePups' ]
15 verbose tarball /Users/Gennaro/.npm/aloepups/1.0.0/package.tgz
16 verbose folder /Users/Gennaro/Public/Repositories/AloePups
17 verbose addLocalTarball adding from inside cache /Users/Gennaro/.npm/aloepups/1.0.0/package.tgz
18 verbose correctMkdir /Users/Gennaro/.npm correctMkdir not in flight; initializing
19 silly cache afterAdd aloepups@1.0.0
20 verbose afterAdd /Users/Gennaro/.npm/aloepups/1.0.0/package/package.json not in flight; writing
21 verbose correctMkdir /Users/Gennaro/.npm correctMkdir not in flight; initializing
22 verbose afterAdd /Users/Gennaro/.npm/aloepups/1.0.0/package/package.json written
23 silly publish { name: 'aloepups',
23 silly publish   version: '1.0.0',
23 silly publish   description: 'SASS Framework',
23 silly publish   main: 'aloepups.scss',
23 silly publish   scripts: {},
23 silly publish   repository:
23 silly publish    { type: 'git',
23 silly publish      url: 'git+https://github.com/genbs/AloePups.git' },
23 silly publish   keywords: [ 'SASS', 'Framework', 'css' ],
23 silly publish   author:
23 silly publish    { name: 'Gennaro Bosone',
23 silly publish      email: 'gennaro.bs@gmail.com',
23 silly publish      url: 'https://github.com/genbs' },
23 silly publish   license: 'ISC',
23 silly publish   bugs: { url: 'https://github.com/genbs/AloePups/issues' },
23 silly publish   homepage: 'https://github.com/genbs/AloePups#readme',
23 silly publish   gitHead: 'a1089bfb1da3b905f6620c9f221ee75121ccc7d3',
23 silly publish   readme: 'ERROR: No README data found!',
23 silly publish   _id: 'aloepups@1.0.0',
23 silly publish   _shasum: 'cb2f74917e916cf0a0b3b9bc5686ea8a8c8f3c52',
23 silly publish   _from: '.' }
24 info lifecycle aloepups@1.0.0~prepublishOnly: aloepups@1.0.0
25 silly lifecycle aloepups@1.0.0~prepublishOnly: no script for prepublishOnly, continuing
26 verbose getPublishConfig undefined
27 silly mapToRegistry name aloepups
28 silly mapToRegistry using default registry
29 silly mapToRegistry registry https://registry.npmjs.org/
30 silly mapToRegistry data Result {
30 silly mapToRegistry   raw: 'aloepups',
30 silly mapToRegistry   scope: null,
30 silly mapToRegistry   escapedName: 'aloepups',
30 silly mapToRegistry   name: 'aloepups',
30 silly mapToRegistry   rawSpec: '',
30 silly mapToRegistry   spec: 'latest',
30 silly mapToRegistry   type: 'tag' }
31 silly mapToRegistry uri https://registry.npmjs.org/aloepups
32 verbose publish registryBase https://registry.npmjs.org/
33 silly publish uploading /Users/Gennaro/.npm/aloepups/1.0.0/package.tgz
34 verbose request uri https://registry.npmjs.org/aloepups
35 verbose request sending authorization for write operation
36 info attempt registry request try #1 at 14:18:41
37 verbose request using bearer token for auth
38 verbose request id 0569831cea0a58fa
39 http request PUT https://registry.npmjs.org/aloepups
40 http 403 https://registry.npmjs.org/aloepups
41 verbose headers { 'content-type': 'application/json',
41 verbose headers   'cache-control': 'max-age=300',
41 verbose headers   'content-length': '95',
41 verbose headers   'accept-ranges': 'bytes',
41 verbose headers   date: 'Sat, 04 Mar 2017 13:18:44 GMT',
41 verbose headers   via: '1.1 varnish',
41 verbose headers   connection: 'keep-alive',
41 verbose headers   'x-served-by': 'cache-ams4441-AMS',
41 verbose headers   'x-cache': 'MISS',
41 verbose headers   'x-cache-hits': '0',
41 verbose headers   'x-timer': 'S1488633523.157552,VS0,VE1308',
41 verbose headers   vary: 'Accept-Encoding' }
42 verbose request invalidating /Users/Gennaro/.npm/registry.npmjs.org/aloepups on PUT
43 error publish Failed PUT 403
44 verbose stack Error: "You cannot publish over the previously published version 1.0.0." : aloepups
44 verbose stack     at makeError (/usr/local/lib/node_modules/npm/node_modules/npm-registry-client/lib/request.js:304:12)
44 verbose stack     at CachingRegistryClient.<anonymous> (/usr/local/lib/node_modules/npm/node_modules/npm-registry-client/lib/request.js:292:14)
44 verbose stack     at Request._callback (/usr/local/lib/node_modules/npm/node_modules/npm-registry-client/lib/request.js:212:14)
44 verbose stack     at Request.self.callback (/usr/local/lib/node_modules/npm/node_modules/request/request.js:186:22)
44 verbose stack     at emitTwo (events.js:106:13)
44 verbose stack     at Request.emit (events.js:192:7)
44 verbose stack     at Request.<anonymous> (/usr/local/lib/node_modules/npm/node_modules/request/request.js:1081:10)
44 verbose stack     at emitOne (events.js:96:13)
44 verbose stack     at Request.emit (events.js:189:7)
44 verbose stack     at IncomingMessage.<anonymous> (/usr/local/lib/node_modules/npm/node_modules/request/request.js:1001:12)
45 verbose statusCode 403
46 verbose pkgid aloepups
47 verbose cwd /Users/Gennaro/Public/Repositories/AloePups
48 error Darwin 15.6.0
49 error argv "/usr/local/Cellar/node/7.2.1/bin/node" "/usr/local/bin/npm" "publish"
50 error node v7.6.0
51 error npm  v4.1.2
52 error code E403
53 error "You cannot publish over the previously published version 1.0.0." : aloepups
54 error If you need help, you may report this error at:
54 error     <https://github.com/npm/npm/issues>
55 verbose exit [ 1, true ]
